kotlin version: 2.0.20
error message: java.lang.OutOfMemoryError: GC overhead limit exceeded
	at java.base/java.lang.String.encodeUTF8(String.java:1303)
	at java.base/java.lang.String.encode(String.java:867)
	at java.base/java.lang.String.getBytes(String.java:1795)
	at org.jetbrains.kotlin.protobuf.CodedOutputStream.writeStringNoTag(CodedOutputStream.java:423)
	at org.jetbrains.kotlin.ir.backend.js.ic.IdSignatureSerialization$FileIdSignatureSerialization.serializeIdSignature(IdSignatureSerialization.kt:51)
	at org.jetbrains.kotlin.ir.backend.js.ic.IncrementalCache.commitSourceFileMetadata$writeDirectDependencies$lambda$22(IncrementalCache.kt:314)
	at org.jetbrains.kotlin.ir.backend.js.ic.IncrementalCache$$Lambda/0x0000000800941360.invoke(Unknown Source)
	at org.jetbrains.kotlin.ir.backend.js.ic.IncrementalCache.commitSourceFileMetadata$writeDependencies(IncrementalCache.kt:306)
	at org.jetbrains.kotlin.ir.backend.js.ic.IncrementalCache.commitSourceFileMetadata$writeDirectDependencies(IncrementalCache.kt:311)
	at org.jetbrains.kotlin.ir.backend.js.ic.IncrementalCache.commitSourceFileMetadata(IncrementalCache.kt:328)
	at org.jetbrains.kotlin.ir.backend.js.ic.IncrementalCache.buildAndCommitCacheArtifact(IncrementalCache.kt:116)
	at org.jetbrains.kotlin.ir.backend.js.ic.CacheUpdater$CacheUpdaterInternal.buildAndCommitCacheArtifacts(CacheUpdater.kt:622)
	at org.jetbrains.kotlin.ir.backend.js.ic.CacheUpdater.loadIrForDirtyFilesAndInitCompiler(CacheUpdater.kt:756)
	at org.jetbrains.kotlin.ir.backend.js.ic.CacheUpdater.loadIrAndMakeIrFragmentGenerators(CacheUpdater.kt:769)
	at org.jetbrains.kotlin.ir.backend.js.ic.CacheUpdater.actualizeCaches(CacheUpdater.kt:805)
	at org.jetbrains.kotlin.cli.js.K2JsIrCompiler.prepareIcCaches(K2JsIrCompiler.kt:727)
	at org.jetbrains.kotlin.cli.js.K2JsIrCompiler.doExecute(K2JsIrCompiler.kt:310)
	at org.jetbrains.kotlin.cli.js.K2JSCompiler.doExecute(K2JSCompiler.java:70)
	at org.jetbrains.kotlin.cli.js.K2JSCompiler.doExecute(K2JSCompiler.java:33)
	at org.jetbrains.kotlin.cli.common.CLICompiler.execImpl(CLICompiler.kt:103)
	at org.jetbrains.kotlin.cli.common.CLICompiler.execImpl(CLICompiler.kt:49)
	at org.jetbrains.kotlin.cli.common.CLITool.exec(CLITool.kt:101)
	at org.jetbrains.kotlin.daemon.CompileServiceImpl.compile(CompileServiceImpl.kt:1555)
	at java.base/java.lang.invoke.LambdaForm$DMH/0x000000080018bc00.invokeInterface(LambdaForm$DMH)
	at java.base/java.lang.invoke.LambdaForm$MH/0x0000000800190000.invoke(LambdaForm$MH)
	at java.base/java.lang.invoke.Invokers$Holder.invokeExact_MT(Invokers$Holder)
	at java.base/jdk.internal.reflect.DirectMethodHandleAccessor.invokeImpl(DirectMethodHandleAccessor.java:157)
	at java.base/jdk.internal.reflect.DirectMethodHandleAccessor.invoke(DirectMethodHandleAccessor.java:103)
	at java.base/java.lang.reflect.Method.invoke(Method.java:580)
	at java.rmi/sun.rmi.server.UnicastServerRef.dispatch(UnicastServerRef.java:360)
	at java.rmi/sun.rmi.transport.Transport$1.run(Transport.java:200)
	at java.rmi/sun.rmi.transport.Transport$1.run(Transport.java:197)


